Device: cpu
Loading frozen modality embeddings...
  laser       : 590 pairs, 5091 total reps
  radar       : 553 pairs, 4956 total reps
  uwb         : 596 pairs, 5255 total reps
  mouth       : 596 pairs, 5421 total reps

Building lip sample list...
Found 5300 lip raw samples.

30 classes | 4 frozen modalities + lip = 5 total

Aligning lip samples with frozen embeddings...
Aligned: 4551 samples (749 skipped — no frozen match)
Train: 3509 | Val: 503 | Test: 539

Building E2E datasets...
  Loaded 3509 E2E samples (0 skipped lip-seq errors).
  Loaded 503 E2E samples (0 skipped lip-seq errors).
  Loaded 539 E2E samples (0 skipped lip-seq errors).

Loading pre-trained lip weights from lip_lstm_model_v2.pt
  Loaded 23/23 lip encoder keys.
Trainable parameters: 2,378,405  (lip encoder + gate; frozen embeddings have no params)

--- BASELINE: equal-weight prototype fusion (no gate training) ---
  Val:  0.493   Test: 0.646

======================================================================
END-TO-END FINE-TUNING  (lip encoder lr=3.0e-05, gate lr=1.0e-03)
======================================================================
Epoch   1/100 | Train 0.951 | Val 0.328 | lr_lip=3.0e-05 lr_gate=1.0e-03
  ✓ Best val: 0.328
Epoch   2/100 | Train 0.952 | Val 0.324 | lr_lip=3.0e-05 lr_gate=1.0e-03
Epoch   3/100 | Train 0.956 | Val 0.320 | lr_lip=3.0e-05 lr_gate=1.0e-03
Epoch   4/100 | Train 0.957 | Val 0.338 | lr_lip=3.0e-05 lr_gate=1.0e-03
  ✓ Best val: 0.338
Epoch   5/100 | Train 0.963 | Val 0.334 | lr_lip=3.0e-05 lr_gate=1.0e-03
Epoch   6/100 | Train 0.966 | Val 0.328 | lr_lip=3.0e-05 lr_gate=1.0e-03
Epoch   7/100 | Train 0.970 | Val 0.310 | lr_lip=3.0e-05 lr_gate=1.0e-03
Epoch   8/100 | Train 0.968 | Val 0.330 | lr_lip=3.0e-05 lr_gate=1.0e-03
Epoch   9/100 | Train 0.970 | Val 0.324 | lr_lip=3.0e-05 lr_gate=1.0e-03
Epoch  10/100 | Train 0.974 | Val 0.320 | lr_lip=3.0e-05 lr_gate=1.0e-03
Epoch  11/100 | Train 0.974 | Val 0.330 | lr_lip=3.0e-05 lr_gate=1.0e-03
Epoch  12/100 | Train 0.980 | Val 0.334 | lr_lip=3.0e-05 lr_gate=1.0e-03
Epoch  13/100 | Train 0.979 | Val 0.324 | lr_lip=3.0e-05 lr_gate=1.0e-03
Epoch  14/100 | Train 0.979 | Val 0.314 | lr_lip=3.0e-05 lr_gate=1.0e-03
Epoch  15/100 | Train 0.980 | Val 0.298 | lr_lip=3.0e-05 lr_gate=1.0e-03
Epoch  16/100 | Train 0.983 | Val 0.316 | lr_lip=3.0e-05 lr_gate=1.0e-03
Epoch  17/100 | Train 0.982 | Val 0.300 | lr_lip=1.5e-05 lr_gate=5.0e-04
Epoch  18/100 | Train 0.985 | Val 0.316 | lr_lip=1.5e-05 lr_gate=5.0e-04
Epoch  19/100 | Train 0.986 | Val 0.316 | lr_lip=1.5e-05 lr_gate=5.0e-04
Epoch  20/100 | Train 0.990 | Val 0.314 | lr_lip=1.5e-05 lr_gate=5.0e-04
Epoch  21/100 | Train 0.986 | Val 0.308 | lr_lip=1.5e-05 lr_gate=5.0e-04
Epoch  22/100 | Train 0.985 | Val 0.316 | lr_lip=1.5e-05 lr_gate=5.0e-04
Epoch  23/100 | Train 0.988 | Val 0.304 | lr_lip=1.5e-05 lr_gate=5.0e-04
Epoch  24/100 | Train 0.988 | Val 0.308 | lr_lip=1.5e-05 lr_gate=5.0e-04
Epoch  25/100 | Train 0.985 | Val 0.310 | lr_lip=1.5e-05 lr_gate=5.0e-04
Epoch  26/100 | Train 0.988 | Val 0.316 | lr_lip=1.5e-05 lr_gate=5.0e-04
Epoch  27/100 | Train 0.988 | Val 0.300 | lr_lip=1.5e-05 lr_gate=5.0e-04
Epoch  28/100 | Train 0.987 | Val 0.308 | lr_lip=1.5e-05 lr_gate=5.0e-04
Epoch  29/100 | Train 0.989 | Val 0.300 | lr_lip=1.5e-05 lr_gate=5.0e-04
Epoch  30/100 | Train 0.989 | Val 0.306 | lr_lip=7.5e-06 lr_gate=2.5e-04
Epoch  31/100 | Train 0.990 | Val 0.310 | lr_lip=7.5e-06 lr_gate=2.5e-04
Epoch  32/100 | Train 0.991 | Val 0.306 | lr_lip=7.5e-06 lr_gate=2.5e-04
Epoch  33/100 | Train 0.991 | Val 0.300 | lr_lip=7.5e-06 lr_gate=2.5e-04
Epoch  34/100 | Train 0.990 | Val 0.308 | lr_lip=7.5e-06 lr_gate=2.5e-04
  Early stopping at epoch 34.

Test accuracy (users ['19', '20']): 0.471
              precision    recall  f1-score   support

  sentences1       0.52      1.00      0.68        13
 sentences10       0.59      0.71      0.65        14
  sentences2       1.00      1.00      1.00        14
  sentences3       0.54      0.93      0.68        14
  sentences4       1.00      0.57      0.73        14
  sentences5       0.78      0.50      0.61        14
  sentences6       0.53      0.57      0.55        14
  sentences7       0.62      0.36      0.45        14
  sentences8       0.33      0.50      0.40        14
  sentences9       0.67      0.29      0.40        14
      vowel1       0.25      0.15      0.19        20
      vowel2       0.50      0.60      0.55        20
      vowel3       0.31      0.90      0.46        20
      vowel4       0.61      0.85      0.71        20
      vowel5       0.46      0.55      0.50        20
       word1       0.17      0.30      0.21        20
      word10       0.50      0.35      0.41        20
      word11       0.43      0.15      0.22        20
      word12       0.20      0.25      0.22        20
      word13       0.73      0.40      0.52        20
      word14       0.14      0.10      0.12        20
      word15       0.45      0.45      0.45        20
       word2       0.00      0.00      0.00        20
       word3       0.67      0.60      0.63        20
       word4       0.65      0.85      0.74        20
       word5       0.48      0.50      0.49        20
       word6       0.50      0.55      0.52        20
       word7       0.39      0.45      0.42        20
       word8       1.00      0.25      0.40        20
       word9       0.00      0.00      0.00        20

    accuracy                           0.47       539
   macro avg       0.50      0.49      0.46       539
weighted avg       0.48      0.47      0.45       539

Val accuracy: 0.340

Mean gate weight per modality:
  lip         : 0.878
  laser       : 0.000
  radar       : 0.000
  uwb         : 0.119
  mouth       : 0.003

Saving fine-tuned lip embeddings...
  Saved 4551 lip embeddings → /Users/arhamsiddiqui/Desktop/silentSpeech/lip_embeddings_e2e.npz

Done. Re-run fusionGate.py with lip_embeddings_e2e.npz for the final fusion result.
